mode: atomic
github.com/hydeenoble/helm-env/main.go:8.13,10.2 1 0
github.com/hydeenoble/helm-env/cmd/root.go:53.46,54.21 1 0
github.com/hydeenoble/helm-env/cmd/root.go:54.21,56.3 1 0
github.com/hydeenoble/helm-env/cmd/root.go:58.2,58.29 1 0
github.com/hydeenoble/helm-env/cmd/root.go:58.29,59.43 1 0
github.com/hydeenoble/helm-env/cmd/root.go:59.43,61.4 1 0
github.com/hydeenoble/helm-env/cmd/root.go:64.2,64.12 1 0
github.com/hydeenoble/helm-env/cmd/root.go:68.37,70.16 2 1
github.com/hydeenoble/helm-env/cmd/root.go:70.16,72.3 1 0
github.com/hydeenoble/helm-env/cmd/root.go:74.2,74.18 1 1
github.com/hydeenoble/helm-env/cmd/root.go:74.18,76.3 1 0
github.com/hydeenoble/helm-env/cmd/root.go:78.2,78.24 1 1
github.com/hydeenoble/helm-env/cmd/root.go:82.45,83.85 1 1
github.com/hydeenoble/helm-env/cmd/root.go:83.85,84.17 1 3
github.com/hydeenoble/helm-env/cmd/root.go:84.17,86.4 1 0
github.com/hydeenoble/helm-env/cmd/root.go:89.3,89.19 1 3
github.com/hydeenoble/helm-env/cmd/root.go:89.19,91.4 1 1
github.com/hydeenoble/helm-env/cmd/root.go:93.3,93.41 1 2
github.com/hydeenoble/helm-env/cmd/root.go:93.41,95.4 1 0
github.com/hydeenoble/helm-env/cmd/root.go:97.3,97.13 1 2
github.com/hydeenoble/helm-env/cmd/root.go:102.39,105.16 2 7
github.com/hydeenoble/helm-env/cmd/root.go:105.16,107.3 1 0
github.com/hydeenoble/helm-env/cmd/root.go:110.2,111.16 2 7
github.com/hydeenoble/helm-env/cmd/root.go:111.16,113.3 1 0
github.com/hydeenoble/helm-env/cmd/root.go:116.2,116.100 1 7
github.com/hydeenoble/helm-env/cmd/root.go:116.100,119.3 1 1
github.com/hydeenoble/helm-env/cmd/root.go:123.2,123.66 1 7
github.com/hydeenoble/helm-env/cmd/root.go:123.66,125.3 1 0
github.com/hydeenoble/helm-env/cmd/root.go:127.2,127.12 1 7
github.com/hydeenoble/helm-env/cmd/root.go:131.79,134.24 2 7
github.com/hydeenoble/helm-env/cmd/root.go:134.24,139.3 1 1
github.com/hydeenoble/helm-env/cmd/root.go:142.2,142.46 1 6
github.com/hydeenoble/helm-env/cmd/root.go:142.46,146.3 1 0
github.com/hydeenoble/helm-env/cmd/root.go:148.2,148.12 1 6
github.com/hydeenoble/helm-env/cmd/root.go:152.63,160.32 5 11
github.com/hydeenoble/helm-env/cmd/root.go:160.32,162.20 2 18
github.com/hydeenoble/helm-env/cmd/root.go:162.20,164.4 1 13
github.com/hydeenoble/helm-env/cmd/root.go:166.3,166.24 1 18
github.com/hydeenoble/helm-env/cmd/root.go:166.24,167.12 1 0
github.com/hydeenoble/helm-env/cmd/root.go:169.3,173.18 3 18
github.com/hydeenoble/helm-env/cmd/root.go:173.18,176.109 1 6
github.com/hydeenoble/helm-env/cmd/root.go:176.109,178.5 1 6
github.com/hydeenoble/helm-env/cmd/root.go:182.2,182.18 1 11
github.com/hydeenoble/helm-env/cmd/root.go:186.51,191.2 2 9
github.com/hydeenoble/helm-env/cmd/root.go:195.16,196.42 1 0
github.com/hydeenoble/helm-env/cmd/root.go:196.42,199.3 2 0
github.com/hydeenoble/helm-env/cmd/root.go:202.13,210.57 3 1
github.com/hydeenoble/helm-env/cmd/root.go:210.57,213.3 2 0
